0 info it worked if it ends with ok
1 verbose cli [ 'C:\\Program Files\\nodejs\\node.exe',
1 verbose cli   'C:\\Users\\yyu8\\AppData\\Roaming\\npm\\node_modules\\npm\\bin\\npm-cli.js',
1 verbose cli   'start' ]
2 info using npm@3.10.8
3 info using node@v4.6.0
4 verbose run-script [ 'prestart', 'start', 'poststart' ]
5 info lifecycle pluralsight-redux-starter@1.0.0~prestart: pluralsight-redux-starter@1.0.0
6 verbose lifecycle pluralsight-redux-starter@1.0.0~prestart: unsafe-perm in lifecycle true
7 verbose lifecycle pluralsight-redux-starter@1.0.0~prestart: PATH: C:\Users\yyu8\AppData\Roaming\npm\node_modules\npm\bin\node-gyp-bin;C:\Users\yyu8\Documents\GitHub\ReactRedux\node_modules\.bin;C:\ProgramData\Oracle\Java\javapath;C:\Informatica\9.5.1\clients\tools\datadirect;C:\app\yyu8\product\11.2.0\client_1\bin;C:\WINDOWS\system32;C:\WINDOWS;C:\WINDOWS\System32\Wbem;C:\WINDOWS\System32\WindowsPowerShell\v1.0\;C:\Program Files (x86)\Microsoft SQL Server\110\Tools\Binn\;C:\Program Files\Microsoft SQL Server\110\Tools\Binn\;C:\Program Files\Microsoft SQL Server\110\DTS\Binn\;C:\Program Files (x86)\Microsoft SQL Server\110\Tools\Binn\ManagementStudio\;C:\Program Files (x86)\Microsoft Visual Studio 10.0\Common7\IDE\PrivateAssemblies\;C:\Program Files (x86)\Microsoft SQL Server\110\DTS\Binn\;C:\Program Files (x86)\Common Files\Tom Sawyer Software\8.0.0;C:\WINDOWS\System32\WindowsPowerShell\v1.0\;C:\Program Files\Microsoft SQL Server\120\Tools\Binn\;C:\Program Files\Microsoft\Web Platform Installer\;C:\Program Files (x86)\Microsoft ASP.NET\ASP.NET Web Pages\v1.0\;C:\Program Files (x86)\Windows Kits\10\Windows Performance Toolkit\;C:\Program Files (x86)\Hewlett-Packard\HP Manageability Live Feed\bin;C:\Program Files (x86)\Hewlett-Packard\HP Manageability Live Feed\tools\boost\lib;C:\Program Files (x86)\Hewlett-Packard\HP Manageability Live Feed\tools\protobuf\lib;C:\Program Files (x86)\Hewlett-Packard\HP Manageability Live Feed\tools\qpid\bin;C:\Program Files\nodejs\;C:\ProgramData\Hewlett-Packard\PC COE\VSC\Drivers\;C:\Users\yyu8\AppData\Local\Android\sdk\tools;C:\Users\yyu8\AppData\Local\Android\sdk\platform-tools;C:\Users\yyu8\AppData\Local\Programs\Python\Python35;C:\Users\yyu8\AppData\Roaming\npm;C:\Program Files (x86)\Microsoft VS Code\bin
8 verbose lifecycle pluralsight-redux-starter@1.0.0~prestart: CWD: C:\Users\yyu8\Documents\GitHub\ReactRedux
9 silly lifecycle pluralsight-redux-starter@1.0.0~prestart: Args: [ '/d /s /c', 'babel-node tools/startMessage.js' ]
10 silly lifecycle pluralsight-redux-starter@1.0.0~prestart: Returned: code: 0  signal: null
11 info lifecycle pluralsight-redux-starter@1.0.0~start: pluralsight-redux-starter@1.0.0
12 verbose lifecycle pluralsight-redux-starter@1.0.0~start: unsafe-perm in lifecycle true
13 verbose lifecycle pluralsight-redux-starter@1.0.0~start: PATH: C:\Users\yyu8\AppData\Roaming\npm\node_modules\npm\bin\node-gyp-bin;C:\Users\yyu8\Documents\GitHub\ReactRedux\node_modules\.bin;C:\ProgramData\Oracle\Java\javapath;C:\Informatica\9.5.1\clients\tools\datadirect;C:\app\yyu8\product\11.2.0\client_1\bin;C:\WINDOWS\system32;C:\WINDOWS;C:\WINDOWS\System32\Wbem;C:\WINDOWS\System32\WindowsPowerShell\v1.0\;C:\Program Files (x86)\Microsoft SQL Server\110\Tools\Binn\;C:\Program Files\Microsoft SQL Server\110\Tools\Binn\;C:\Program Files\Microsoft SQL Server\110\DTS\Binn\;C:\Program Files (x86)\Microsoft SQL Server\110\Tools\Binn\ManagementStudio\;C:\Program Files (x86)\Microsoft Visual Studio 10.0\Common7\IDE\PrivateAssemblies\;C:\Program Files (x86)\Microsoft SQL Server\110\DTS\Binn\;C:\Program Files (x86)\Common Files\Tom Sawyer Software\8.0.0;C:\WINDOWS\System32\WindowsPowerShell\v1.0\;C:\Program Files\Microsoft SQL Server\120\Tools\Binn\;C:\Program Files\Microsoft\Web Platform Installer\;C:\Program Files (x86)\Microsoft ASP.NET\ASP.NET Web Pages\v1.0\;C:\Program Files (x86)\Windows Kits\10\Windows Performance Toolkit\;C:\Program Files (x86)\Hewlett-Packard\HP Manageability Live Feed\bin;C:\Program Files (x86)\Hewlett-Packard\HP Manageability Live Feed\tools\boost\lib;C:\Program Files (x86)\Hewlett-Packard\HP Manageability Live Feed\tools\protobuf\lib;C:\Program Files (x86)\Hewlett-Packard\HP Manageability Live Feed\tools\qpid\bin;C:\Program Files\nodejs\;C:\ProgramData\Hewlett-Packard\PC COE\VSC\Drivers\;C:\Users\yyu8\AppData\Local\Android\sdk\tools;C:\Users\yyu8\AppData\Local\Android\sdk\platform-tools;C:\Users\yyu8\AppData\Local\Programs\Python\Python35;C:\Users\yyu8\AppData\Roaming\npm;C:\Program Files (x86)\Microsoft VS Code\bin
14 verbose lifecycle pluralsight-redux-starter@1.0.0~start: CWD: C:\Users\yyu8\Documents\GitHub\ReactRedux
15 silly lifecycle pluralsight-redux-starter@1.0.0~start: Args: [ '/d /s /c', 'npm-run-all --parallel open:src lint:watch' ]
16 silly lifecycle pluralsight-redux-starter@1.0.0~start: Returned: code: 1  signal: null
17 info lifecycle pluralsight-redux-starter@1.0.0~start: Failed to exec start script
18 verbose stack Error: pluralsight-redux-starter@1.0.0 start: `npm-run-all --parallel open:src lint:watch`
18 verbose stack Exit status 1
18 verbose stack     at EventEmitter.<anonymous> (C:\Users\yyu8\AppData\Roaming\npm\node_modules\npm\lib\utils\lifecycle.js:255:16)
18 verbose stack     at emitTwo (events.js:87:13)
18 verbose stack     at EventEmitter.emit (events.js:172:7)
18 verbose stack     at ChildProcess.<anonymous> (C:\Users\yyu8\AppData\Roaming\npm\node_modules\npm\lib\utils\spawn.js:40:14)
18 verbose stack     at emitTwo (events.js:87:13)
18 verbose stack     at ChildProcess.emit (events.js:172:7)
18 verbose stack     at maybeClose (internal/child_process.js:829:16)
18 verbose stack     at Process.ChildProcess._handle.onexit (internal/child_process.js:211:5)
19 verbose pkgid pluralsight-redux-starter@1.0.0
20 verbose cwd C:\Users\yyu8\Documents\GitHub\ReactRedux
21 error Windows_NT 10.0.10586
22 error argv "C:\\Program Files\\nodejs\\node.exe" "C:\\Users\\yyu8\\AppData\\Roaming\\npm\\node_modules\\npm\\bin\\npm-cli.js" "start"
23 error node v4.6.0
24 error npm  v3.10.8
25 error code ELIFECYCLE
26 error pluralsight-redux-starter@1.0.0 start: `npm-run-all --parallel open:src lint:watch`
26 error Exit status 1
27 error Failed at the pluralsight-redux-starter@1.0.0 start script 'npm-run-all --parallel open:src lint:watch'.
27 error Make sure you have the latest version of node.js and npm installed.
27 error If you do, this is most likely a problem with the pluralsight-redux-starter package,
27 error not with npm itself.
27 error Tell the author that this fails on your system:
27 error     npm-run-all --parallel open:src lint:watch
27 error You can get information on how to open an issue for this project with:
27 error     npm bugs pluralsight-redux-starter
27 error Or if that isn't available, you can get their info via:
27 error     npm owner ls pluralsight-redux-starter
27 error There is likely additional logging output above.
28 verbose exit [ 1, true ]
